<?xml version="1.0" encoding="UTF-8"?>
<!-- Generated by org.testng.reporters.JUnitXMLReporter -->
<testsuite ignored="0" hostname="LAPTOP-GSTKUHKR" failures="0" tests="3" name="Default test" time="229.038" errors="0" timestamp="2021-09-02T15:48:20 IST">
  <testcase classname="com.mindtree.runner.TestRunner" name="testSearchTitle" time="98.151"/>
  <testcase classname="com.mindtree.runner.TestRunner" name="testSearchTitle" time="42.032"/>
  <testcase classname="com.mindtree.runner.TestRunner" name="testSearchTitle" time="17.384"/>
</testsuite> <!-- Default test -->
